\BOOKMARK [1][-]{section.1}{\376\377\173\200\173\124\230\230}{}% 1
\BOOKMARK [2][-]{subsection.1.1}{\376\377\173\200\217\360\232\154\121\113\140\035\116\073\116\111\166\204\116\011\116\052\176\304\142\020\220\350\122\006\123\312\121\166\166\370\116\222\117\134\165\050\121\163\174\373\377\037\377\010\000P\0002\377\011}{section.1}% 2
\BOOKMARK [2][-]{subsection.1.2}{\376\377\124\362\133\146\166\204\127\372\147\054\225\356\230\230\146\057\116\300\116\110\377\037\377\010\000P\0002\0000\000-\0002\0001\377\011}{section.1}% 3
\BOOKMARK [2][-]{subsection.1.3}{\376\377\173\200\217\360\141\017\213\306\133\371\162\151\215\050\166\204\123\315\117\134\165\050\060\002\377\010\000P\0002\0006\377\011}{section.1}% 4
\BOOKMARK [2][-]{subsection.1.4}{\376\377\173\200\217\360\131\202\117\125\131\004\164\006\116\073\211\302\200\375\122\250\140\047\124\214\133\242\211\302\211\304\137\213\140\047\166\204\121\163\174\373\060\002\377\010\000p\0002\0007\000-\0002\0008\377\011}{section.1}% 5
\BOOKMARK [2][-]{subsection.1.5}{\376\377\116\072\116\300\116\110\213\364\133\371\172\313\176\337\116\000\211\304\137\213\146\057\125\057\162\151\217\251\213\301\154\325\166\204\133\236\215\050\124\214\150\070\137\303\377\037\377\010\000P\0003\0007\377\011}{section.1}% 6
\BOOKMARK [2][-]{subsection.1.6}{\376\377\173\200\217\360\221\317\123\330\116\016\215\050\123\330\166\204\217\251\213\301\121\163\174\373\060\002\377\010\000P\0004\0000\377\011}{section.1}% 7
\BOOKMARK [2][-]{subsection.1.7}{\376\377\173\200\217\360\131\202\117\125\127\132\143\001\133\371\172\313\176\337\116\000\211\304\137\213\040\034\116\044\160\271\213\272\040\035\124\214\040\034\221\315\160\271\213\272\040\035\166\204\176\337\116\000\377\037\377\010\000P\0003\0009\377\011}{section.1}% 8
\BOOKMARK [2][-]{subsection.1.8}{\376\377\173\200\217\360\133\236\215\365\127\050\213\244\213\306\155\073\122\250\116\055\166\204\121\263\133\232\117\134\165\050\377\037\377\010\000P\0006\0001\000-\0006\0003\377\011}{section.1}% 9
\BOOKMARK [2][-]{subsection.1.9}{\376\377\173\200\217\360\141\037\140\047\213\244\213\306\124\214\164\006\140\047\213\244\213\306\166\204\217\251\213\301\176\337\116\000\121\163\174\373\377\037\377\010\000P\0006\0008\000-\0006\0009\377\011}{section.1}% 10
\BOOKMARK [2][-]{subsection.1.10}{\376\377\173\200\217\360\133\236\215\365\116\016\213\244\213\306\166\204\217\250\213\301\217\320\122\250\123\312\211\304\137\213\060\002\377\010\000P\0007\0002\377\011}{section.1}% 11
\BOOKMARK [2][-]{subsection.1.11}{\376\377\173\200\217\360\116\367\120\074\166\204\127\372\147\054\162\171\137\201\060\002\377\010\000P\0008\0006\000-\0008\0008\377\011}{section.1}% 12
\BOOKMARK [2][-]{subsection.1.12}{\376\377\116\072\116\300\116\110\162\151\215\050\215\104\145\231\165\037\116\247\145\271\137\017\146\057\171\076\117\032\123\206\123\362\123\321\134\125\166\204\121\263\133\232\122\233\221\317\377\037\377\010\000P\0001\0000\0008\377\011}{section.1}% 13
\BOOKMARK [2][-]{subsection.1.13}{\376\377\173\200\217\360\171\076\117\032\141\017\213\306\166\204\166\370\133\371\162\354\172\313\140\047\166\204\121\167\117\123\210\150\163\260\060\002\377\010\000P\0001\0001\0002\000-\0001\0001\0003\377\011}{section.1}% 14
\BOOKMARK [2][-]{subsection.1.14}{\376\377\173\200\217\360\165\037\116\247\121\163\174\373\116\000\133\232\211\201\220\002\124\010\165\037\116\247\122\233\162\266\121\265\166\204\211\304\137\213\060\002\377\010\000P\0001\0001\0008\000-\0001\0002\0000\377\011}{section.1}% 15
\BOOKMARK [2][-]{subsection.1.15}{\376\377\171\076\117\032\127\372\147\054\167\333\166\376\127\050\123\206\123\362\123\321\134\125\116\055\166\204\117\134\165\050\116\073\211\201\210\150\163\260\127\050\124\352\116\233\145\271\227\142\377\037\377\010\000P\0001\0003\0001\000-\0001\0003\0002\377\011}{section.1}% 16
\BOOKMARK [2][-]{subsection.1.16}{\376\377\173\200\217\360\171\321\133\146\142\200\147\057\127\050\171\076\117\032\123\321\134\125\116\055\166\204\117\134\165\050\060\002\377\010\000P\0001\0004\0004\000-\0001\0004\0007\377\011}{section.1}% 17
\BOOKMARK [2][-]{subsection.1.17}{\376\377\173\200\217\360\125\106\124\301\166\204\116\214\126\340\175\040\116\113\225\364\166\204\133\371\172\313\176\337\116\000\121\163\174\373\377\010\000P\0001\0006\0002\000-\0001\0006\0003\377\011}{section.1}% 18
\BOOKMARK [2][-]{subsection.1.18}{\376\377\173\200\217\360\116\272\154\021\177\244\117\027\127\050\122\033\220\040\123\206\123\362\217\307\172\013\116\055\166\204\121\263\133\232\117\134\165\050\377\037\377\010\000P\0001\0005\0000\000-\0001\0005\0003\377\011}{section.1}% 19
\BOOKMARK [2][-]{subsection.1.19}{\376\377\173\200\217\360\116\367\120\074\211\304\137\213\123\312\121\166\117\134\165\050\060\002\377\010\000P\0001\0006\0006\000-\0001\0006\0009\377\011}{section.1}% 20
\BOOKMARK [2][-]{subsection.1.20}{\376\377\173\200\217\360\176\317\155\116\121\150\164\003\123\026\166\204\210\150\163\260\060\002\377\010\000P\0002\0002\0008\000-\0002\0003\0000\377\011}{section.1}% 21
\BOOKMARK [2][-]{subsection.1.21}{\376\377\173\200\217\360\116\300\116\110\146\057\217\251\213\301\124\046\133\232\211\302\377\037\377\010\000P\0004\0001\377\011}{section.1}% 22
\BOOKMARK [2][-]{subsection.1.22}{\376\377\173\200\217\360\122\263\122\250\116\214\221\315\140\047\116\016\125\106\124\301\116\214\126\340\175\040\116\113\225\364\166\204\121\163\174\373\060\002\000P\0001\0006\0002\000-\0001\0006\0003\377\011}{section.1}% 23
